Arguments: 
  C:\Program Files\nodejs\node.exe C:\Users\bitcamp\AppData\Roaming\npm\node_modules\yarn\bin\yarn.js add JPype1-1.1.2-cp38-cp38-win_amd64.whl

PATH: 
  C:\WINDOWS\system32;C:\WINDOWS;C:\WINDOWS\System32\Wbem;C:\WINDOWS\System32\WindowsPowerShell\v1.0\;C:\WINDOWS\System32\OpenSSH\;C:\Program Files\Git\cmd;C:\Program Files\Docker\Docker\resources\bin;C:\ProgramData\DockerDesktop\version-bin;%ANACONDA_HOME1%;%ANACONDA_HOME2%;%ANACONDA_HOME3%;%ANACONDA_HOME4%;%JAVA_HOME%;C:\Program Files\nodejs\;%MARIADB_HOME%;C:\Users\bitcamp\AppData\Local\Microsoft\WindowsApps;;C:\Program Files\JetBrains\PyCharm Community Edition 2021.1.1\bin;;C:\Program Files\JetBrains\PyCharm 2021.1.2\bin;;C:\Users\bitcamp\AppData\Roaming\npm;C:\Program Files\Bandizip\;C:\Users\bitcamp\AppData\Local\Programs\Microsoft VS Code\bin

Yarn version: 
  1.22.10

Node version: 
  14.17.1

Platform: 
  win32 x64

Trace: 
  Error: https://registry.yarnpkg.com/JPype1-1.1.2-cp38-cp38-win_amd64.whl: Not found
      at Request.params.callback [as _callback] (C:\Users\bitcamp\AppData\Roaming\npm\node_modules\yarn\lib\cli.js:66988:18)
      at Request.self.callback (C:\Users\bitcamp\AppData\Roaming\npm\node_modules\yarn\lib\cli.js:140662:22)
      at Request.emit (events.js:375:28)
      at Request.<anonymous> (C:\Users\bitcamp\AppData\Roaming\npm\node_modules\yarn\lib\cli.js:141634:10)
      at Request.emit (events.js:375:28)
      at IncomingMessage.<anonymous> (C:\Users\bitcamp\AppData\Roaming\npm\node_modules\yarn\lib\cli.js:141556:12)
      at Object.onceWrapper (events.js:481:28)
      at IncomingMessage.emit (events.js:387:35)
      at endReadableNT (internal/streams/readable.js:1317:12)
      at processTicksAndRejections (internal/process/task_queues.js:82:21)

npm manifest: 
  No manifest

yarn manifest: 
  No manifest

Lockfile: 
  No lockfile
